<?xml version="1.0" encoding="UTF-8"?>
<!-- Generated by org.testng.reporters.JUnitReportReporter -->
<testsuite skipped="0" hostname="Alkesh" name="fbadremove.ADRemoveTest" tests="1" failures="0" timestamp="2021-03-28T10:30:46 IST" time="41.848" errors="0">
  <testcase name="adRemoverTest" time="41.848" classname="fbadremove.ADRemoveTest"/>
  <system-out/>
</testsuite> <!-- fbadremove.ADRemoveTest -->
