<?xml version="1.0" encoding="UTF-8"?>
<!-- Generated by org.testng.reporters.JUnitReportReporter -->
<testsuite skipped="0" hostname="Alkesh" name="fbadremove.ADRemoveTest" tests="1" failures="0" timestamp="28 Mar 2021 05:17:14 GMT" time="74.926" errors="0">
  <testcase name="adRemoverTest" time="74.926" classname="fbadremove.ADRemoveTest"/>
</testsuite> <!-- fbadremove.ADRemoveTest -->
